1716663826.646393 client started (64576): version 3.4, socket /private/tmp/tmux-505/default, protocol 8
1716663826.646434 on Darwin 22.6.0 Darwin Kernel Version 22.6.0: Mon Feb 19 19:48:53 PST 2024; root:xnu-8796.141.3.704.6~1/RELEASE_X86_64
1716663826.646453 using libevent 2.1.12-stable select
1716663826.646467 using utf8proc 2.9.0
1716663826.646475 using ncurses 6.4 20221231
1716663826.646508 flags are 0x10010000
1716663826.646516 socket is /private/tmp/tmux-505/default
1716663826.646529 trying connect
1716663826.646921 add peer 0x7fa109031000: 6 (0x0)
1716663826.655972 sending message 100 to peer 0x7fa109031000 (4 bytes)
1716663826.656001 sending message 111 to peer 0x7fa109031000 (8 bytes)
1716663826.656010 sending message 101 to peer 0x7fa109031000 (16 bytes)
1716663826.656017 sending message 109 to peer 0x7fa109031000 (4 bytes)
1716663826.656024 sending message 102 to peer 0x7fa109031000 (13 bytes)
1716663826.656031 sending message 108 to peer 0x7fa109031000 (50 bytes)
1716663826.656038 sending message 112 to peer 0x7fa109031000 (70 bytes)
1716663826.656045 sending message 112 to peer 0x7fa109031000 (5 bytes)
1716663826.656051 sending message 112 to peer 0x7fa109031000 (5 bytes)
1716663826.656058 sending message 112 to peer 0x7fa109031000 (6 bytes)
1716663826.656064 sending message 112 to peer 0x7fa109031000 (6 bytes)
1716663826.656071 sending message 112 to peer 0x7fa109031000 (11 bytes)
1716663826.656077 sending message 112 to peer 0x7fa109031000 (10 bytes)
1716663826.656084 sending message 112 to peer 0x7fa109031000 (13 bytes)
1716663826.656091 sending message 112 to peer 0x7fa109031000 (13 bytes)
1716663826.656097 sending message 112 to peer 0x7fa109031000 (18 bytes)
1716663826.656103 sending message 112 to peer 0x7fa109031000 (11 bytes)
1716663826.656110 sending message 112 to peer 0x7fa109031000 (21 bytes)
1716663826.656116 sending message 112 to peer 0x7fa109031000 (13 bytes)
1716663826.656123 sending message 112 to peer 0x7fa109031000 (7 bytes)
1716663826.656129 sending message 112 to peer 0x7fa109031000 (13 bytes)
1716663826.656136 sending message 112 to peer 0x7fa109031000 (7 bytes)
1716663826.656142 sending message 112 to peer 0x7fa109031000 (13 bytes)
1716663826.656149 sending message 112 to peer 0x7fa109031000 (9 bytes)
1716663826.656155 sending message 112 to peer 0x7fa109031000 (21 bytes)
1716663826.656162 sending message 112 to peer 0x7fa109031000 (13 bytes)
1716663826.656168 sending message 112 to peer 0x7fa109031000 (8 bytes)
1716663826.656175 sending message 112 to peer 0x7fa109031000 (12 bytes)
1716663826.656181 sending message 112 to peer 0x7fa109031000 (13 bytes)
1716663826.656188 sending message 112 to peer 0x7fa109031000 (9 bytes)
1716663826.656194 sending message 112 to peer 0x7fa109031000 (9 bytes)
1716663826.656201 sending message 112 to peer 0x7fa109031000 (12 bytes)
1716663826.656207 sending message 112 to peer 0x7fa109031000 (8 bytes)
1716663826.656214 sending message 112 to peer 0x7fa109031000 (7 bytes)
1716663826.656220 sending message 112 to peer 0x7fa109031000 (7 bytes)
1716663826.656227 sending message 112 to peer 0x7fa109031000 (9 bytes)
1716663826.656233 sending message 112 to peer 0x7fa109031000 (13 bytes)
1716663826.656240 sending message 112 to peer 0x7fa109031000 (9 bytes)
1716663826.656246 sending message 112 to peer 0x7fa109031000 (15 bytes)
1716663826.656253 sending message 112 to peer 0x7fa109031000 (13 bytes)
1716663826.656259 sending message 112 to peer 0x7fa109031000 (12 bytes)
1716663826.656266 sending message 112 to peer 0x7fa109031000 (8 bytes)
1716663826.656272 sending message 112 to peer 0x7fa109031000 (14 bytes)
1716663826.656278 sending message 112 to peer 0x7fa109031000 (9 bytes)
1716663826.656285 sending message 112 to peer 0x7fa109031000 (10 bytes)
1716663826.656291 sending message 112 to peer 0x7fa109031000 (10 bytes)
1716663826.656298 sending message 112 to peer 0x7fa109031000 (10 bytes)
1716663826.656304 sending message 112 to peer 0x7fa109031000 (10 bytes)
1716663826.656311 sending message 112 to peer 0x7fa109031000 (11 bytes)
1716663826.656317 sending message 112 to peer 0x7fa109031000 (10 bytes)
1716663826.656336 sending message 112 to peer 0x7fa109031000 (8 bytes)
1716663826.656342 sending message 112 to peer 0x7fa109031000 (11 bytes)
1716663826.656346 sending message 112 to peer 0x7fa109031000 (11 bytes)
1716663826.656351 sending message 112 to peer 0x7fa109031000 (11 bytes)
1716663826.656355 sending message 112 to peer 0x7fa109031000 (8 bytes)
1716663826.656360 sending message 112 to peer 0x7fa109031000 (8 bytes)
1716663826.656364 sending message 112 to peer 0x7fa109031000 (8 bytes)
1716663826.656369 sending message 112 to peer 0x7fa109031000 (10 bytes)
1716663826.656373 sending message 112 to peer 0x7fa109031000 (10 bytes)
1716663826.656378 sending message 112 to peer 0x7fa109031000 (10 bytes)
1716663826.656382 sending message 112 to peer 0x7fa109031000 (10 bytes)
1716663826.656386 sending message 112 to peer 0x7fa109031000 (10 bytes)
1716663826.656391 sending message 112 to peer 0x7fa109031000 (11 bytes)
1716663826.656395 sending message 112 to peer 0x7fa109031000 (11 bytes)
1716663826.656403 sending message 112 to peer 0x7fa109031000 (10 bytes)
1716663826.656408 sending message 112 to peer 0x7fa109031000 (9 bytes)
1716663826.656412 sending message 112 to peer 0x7fa109031000 (9 bytes)
1716663826.656417 sending message 112 to peer 0x7fa109031000 (12 bytes)
1716663826.656421 sending message 112 to peer 0x7fa109031000 (9 bytes)
1716663826.656426 sending message 112 to peer 0x7fa109031000 (6 bytes)
1716663826.656430 sending message 112 to peer 0x7fa109031000 (13 bytes)
1716663826.656435 sending message 112 to peer 0x7fa109031000 (8 bytes)
1716663826.656439 sending message 112 to peer 0x7fa109031000 (15 bytes)
1716663826.656444 sending message 112 to peer 0x7fa109031000 (13 bytes)
1716663826.656448 sending message 112 to peer 0x7fa109031000 (70 bytes)
1716663826.656453 sending message 112 to peer 0x7fa109031000 (69 bytes)
1716663826.656457 sending message 112 to peer 0x7fa109031000 (10 bytes)
1716663826.656462 sending message 112 to peer 0x7fa109031000 (8 bytes)
1716663826.656466 sending message 112 to peer 0x7fa109031000 (15 bytes)
1716663826.656471 sending message 112 to peer 0x7fa109031000 (13 bytes)
1716663826.656475 sending message 112 to peer 0x7fa109031000 (10 bytes)
1716663826.656480 sending message 112 to peer 0x7fa109031000 (10 bytes)
1716663826.656484 sending message 112 to peer 0x7fa109031000 (5 bytes)
1716663826.656489 sending message 112 to peer 0x7fa109031000 (15 bytes)
1716663826.656495 sending message 104 to peer 0x7fa109031000 (0 bytes)
1716663826.656500 sending message 110 to peer 0x7fa109031000 (0 bytes)
1716663826.656505 sending message 107 to peer 0x7fa109031000 (4 bytes)
1716663826.656510 sending message 105 to peer 0x7fa109031000 (81 bytes)
1716663826.656514 sending message 105 to peer 0x7fa109031000 (82 bytes)
1716663826.656519 sending message 105 to peer 0x7fa109031000 (86 bytes)
1716663826.656523 sending message 105 to peer 0x7fa109031000 (36 bytes)
1716663826.656528 sending message 105 to peer 0x7fa109031000 (20 bytes)
1716663826.656532 sending message 105 to peer 0x7fa109031000 (22 bytes)
1716663826.656537 sending message 105 to peer 0x7fa109031000 (30 bytes)
1716663826.656541 sending message 105 to peer 0x7fa109031000 (66 bytes)
1716663826.656546 sending message 105 to peer 0x7fa109031000 (25 bytes)
1716663826.656550 sending message 105 to peer 0x7fa109031000 (62 bytes)
1716663826.656555 sending message 105 to peer 0x7fa109031000 (19 bytes)
1716663826.656559 sending message 105 to peer 0x7fa109031000 (8 bytes)
1716663826.656564 sending message 105 to peer 0x7fa109031000 (21 bytes)
1716663826.656568 sending message 105 to peer 0x7fa109031000 (32 bytes)
1716663826.656573 sending message 105 to peer 0x7fa109031000 (96 bytes)
1716663826.656577 sending message 105 to peer 0x7fa109031000 (60 bytes)
1716663826.656581 sending message 105 to peer 0x7fa109031000 (16 bytes)
1716663826.656586 sending message 105 to peer 0x7fa109031000 (33 bytes)
1716663826.656590 sending message 105 to peer 0x7fa109031000 (69 bytes)
1716663826.656595 sending message 105 to peer 0x7fa109031000 (44 bytes)
1716663826.656608 sending message 105 to peer 0x7fa109031000 (10 bytes)
1716663826.656613 sending message 105 to peer 0x7fa109031000 (12 bytes)
1716663826.656617 sending message 105 to peer 0x7fa109031000 (11 bytes)
1716663826.656622 sending message 105 to peer 0x7fa109031000 (1114 bytes)
1716663826.656627 sending message 105 to peer 0x7fa109031000 (54 bytes)
1716663826.656631 sending message 105 to peer 0x7fa109031000 (46 bytes)
1716663826.656636 sending message 105 to peer 0x7fa109031000 (61 bytes)
1716663826.656640 sending message 105 to peer 0x7fa109031000 (39 bytes)
1716663826.656645 sending message 105 to peer 0x7fa109031000 (26 bytes)
1716663826.656649 sending message 105 to peer 0x7fa109031000 (22 bytes)
1716663826.656654 sending message 105 to peer 0x7fa109031000 (15 bytes)
1716663826.656658 sending message 105 to peer 0x7fa109031000 (8 bytes)
1716663826.656662 sending message 105 to peer 0x7fa109031000 (66 bytes)
1716663826.656667 sending message 105 to peer 0x7fa109031000 (21 bytes)
1716663826.656671 sending message 105 to peer 0x7fa109031000 (18 bytes)
1716663826.656676 sending message 105 to peer 0x7fa109031000 (25 bytes)
1716663826.656682 sending message 105 to peer 0x7fa109031000 (57 bytes)
1716663826.656687 sending message 105 to peer 0x7fa109031000 (42 bytes)
1716663826.656692 sending message 105 to peer 0x7fa109031000 (13 bytes)
1716663826.656696 sending message 105 to peer 0x7fa109031000 (18 bytes)
1716663826.656700 sending message 105 to peer 0x7fa109031000 (25 bytes)
1716663826.656705 sending message 105 to peer 0x7fa109031000 (14 bytes)
1716663826.656709 sending message 105 to peer 0x7fa109031000 (19 bytes)
1716663826.656714 sending message 105 to peer 0x7fa109031000 (35 bytes)
1716663826.656718 sending message 105 to peer 0x7fa109031000 (22 bytes)
1716663826.656723 sending message 105 to peer 0x7fa109031000 (35 bytes)
1716663826.656727 sending message 105 to peer 0x7fa109031000 (32 bytes)
1716663826.656732 sending message 105 to peer 0x7fa109031000 (22 bytes)
1716663826.656736 sending message 106 to peer 0x7fa109031000 (0 bytes)
1716663826.656807 sending message 200 to peer 0x7fa109031000 (4 bytes)
1716663826.656815 client loop enter
1716663826.657729 peer 0x7fa109031000 message 303
1716663826.657752 open write file 2 -
1716663826.657795 sending message 305 to peer 0x7fa109031000 (8 bytes)
1716663826.657820 write check file 2
1716663826.657844 peer 0x7fa109031000 message 304
1716663826.657851 write 58 to file 2
1716663826.657871 peer 0x7fa109031000 message 203
1716663826.657879 file 2 58 bytes left
1716663826.657894 write check file 2
1716663826.657899 client loop exit
